Determining if the pthread_create exist failed with the following output:
Change Dir: /home/zachoines/Documents/repos/TATS/CMakeFiles/CMakeTmp

Run Build Command:"/usr/bin/make" "cmTC_d28c8/fast"
/usr/bin/make -f CMakeFiles/cmTC_d28c8.dir/build.make CMakeFiles/cmTC_d28c8.dir/build
make[1]: Entering directory '/home/zachoines/Documents/repos/TATS/CMakeFiles/CMakeTmp'
Building C object CMakeFiles/cmTC_d28c8.dir/CheckSymbolExists.c.o
/usr/bin/cc    -o CMakeFiles/cmTC_d28c8.dir/CheckSymbolExists.c.o   -c /home/zachoines/Documents/repos/TATS/CMakeFiles/CMakeTmp/CheckSymbolExists.c
Linking C executable cmTC_d28c8
/usr/bin/cmake -E cmake_link_script CMakeFiles/cmTC_d28c8.dir/link.txt --verbose=1
/usr/bin/cc      -rdynamic CMakeFiles/cmTC_d28c8.dir/CheckSymbolExists.c.o  -o cmTC_d28c8 
CMakeFiles/cmTC_d28c8.dir/CheckSymbolExists.c.o: In function `main':
CheckSymbolExists.c:(.text+0x14): undefined reference to `pthread_create'
CheckSymbolExists.c:(.text+0x18): undefined reference to `pthread_create'
collect2: error: ld returned 1 exit status
CMakeFiles/cmTC_d28c8.dir/build.make:97: recipe for target 'cmTC_d28c8' failed
make[1]: *** [cmTC_d28c8] Error 1
make[1]: Leaving directory '/home/zachoines/Documents/repos/TATS/CMakeFiles/CMakeTmp'
Makefile:126: recipe for target 'cmTC_d28c8/fast' failed
make: *** [cmTC_d28c8/fast] Error 2

File /home/zachoines/Documents/repos/TATS/CMakeFiles/CMakeTmp/CheckSymbolExists.c:
/* */
#include <pthread.h>

int main(int argc, char** argv)
{
  (void)argv;
#ifndef pthread_create
  return ((int*)(&pthread_create))[argc];
#else
  (void)argc;
  return 0;
#endif
}

Determining if the function pthread_create exists in the pthreads failed with the following output:
Change Dir: /home/zachoines/Documents/repos/TATS/CMakeFiles/CMakeTmp

Run Build Command:"/usr/bin/make" "cmTC_38473/fast"
/usr/bin/make -f CMakeFiles/cmTC_38473.dir/build.make CMakeFiles/cmTC_38473.dir/build
make[1]: Entering directory '/home/zachoines/Documents/repos/TATS/CMakeFiles/CMakeTmp'
Building C object CMakeFiles/cmTC_38473.dir/CheckFunctionExists.c.o
/usr/bin/cc   -DCHECK_FUNCTION_EXISTS=pthread_create   -o CMakeFiles/cmTC_38473.dir/CheckFunctionExists.c.o   -c /usr/share/cmake-3.10/Modules/CheckFunctionExists.c
Linking C executable cmTC_38473
/usr/bin/cmake -E cmake_link_script CMakeFiles/cmTC_38473.dir/link.txt --verbose=1
/usr/bin/cc  -DCHECK_FUNCTION_EXISTS=pthread_create    -rdynamic CMakeFiles/cmTC_38473.dir/CheckFunctionExists.c.o  -o cmTC_38473 -lpthreads 
/usr/bin/ld: cannot find -lpthreads
collect2: error: ld returned 1 exit status
CMakeFiles/cmTC_38473.dir/build.make:97: recipe for target 'cmTC_38473' failed
make[1]: *** [cmTC_38473] Error 1
make[1]: Leaving directory '/home/zachoines/Documents/repos/TATS/CMakeFiles/CMakeTmp'
Makefile:126: recipe for target 'cmTC_38473/fast' failed
make: *** [cmTC_38473/fast] Error 2


